<?xml version="1.0" encoding="UTF-8"?>
<!-- Generated by org.testng.reporters.JUnitXMLReporter -->
<testsuite hostname="DESKTOP-TSE6K3A" ignored="5" name="grouptest" tests="1" failures="0" timestamp="2022-10-26T15:23:15 IST" time="0.097" errors="0">
  <testcase name="testcaseSix" time="0.014" classname="sir_advancetestng.GroupExamples"/>
  <testcase name="testCaseOne" time="0.0" classname="sir_advancetestng.GroupExamples">
    <ignored/>
  </testcase> <!-- testCaseOne -->
  <testcase name="testCaseTwo" time="0.0" classname="sir_advancetestng.GroupExamples">
    <ignored/>
  </testcase> <!-- testCaseTwo -->
  <testcase name="testCaseFour" time="0.0" classname="sir_advancetestng.GroupExamples">
    <ignored/>
  </testcase> <!-- testCaseFour -->
  <testcase name="testCaseFive" time="0.0" classname="sir_advancetestng.GroupExamples">
    <ignored/>
  </testcase> <!-- testCaseFive -->
  <testcase name="testCaseThree" time="0.0" classname="sir_advancetestng.GroupExamples">
    <ignored/>
  </testcase> <!-- testCaseThree -->
</testsuite> <!-- grouptest -->
