<?xml version="1.0" encoding="UTF-8"?>
<!-- Generated by org.testng.reporters.JUnitXMLReporter -->
<testsuite hostname="DESKTOP-TSE6K3A" ignored="0" name="Orange" tests="1" failures="1" timestamp="2022-10-30T15:26:13 IST" time="62.766" errors="0">
  <testcase name="OrangeHRM" time="61.941" classname="project.Orangehrm">
    <failure type="java.lang.IndexOutOfBoundsException" message="Index: 3, Size: 1">
      <![CDATA[java.lang.IndexOutOfBoundsException: Index: 3, Size: 1
at java.util.ArrayList.rangeCheck(Unknown Source)
at java.util.ArrayList.get(Unknown Source)
at project.Orangehrm.OrangeHRM(Orangehrm.java:152)
at java.util.ArrayList.forEach(Unknown Source)
... Removed 28 stack frames]]>
    </failure>
  </testcase> <!-- OrangeHRM -->
</testsuite> <!-- Orange -->
