<?xml version="1.0" encoding="UTF-8"?>
<!-- Generated by org.testng.reporters.JUnitXMLReporter -->
<testsuite hostname="DESKTOP-TSE6K3A" ignored="2" name="Test" tests="6" failures="1" timestamp="2022-10-24T01:20:00 IST" time="0.158" errors="0">
  <testcase name="createTask" time="0.017" classname="suit.Actitime_DependsOn"/>
  <testcase name="openBrowserAndAppURL" time="0.004" classname="suit.Actitime_DependsOn">
    <failure type="java.lang.ArithmeticException" message="/ by zero">
      <![CDATA[java.lang.ArithmeticException: / by zero
at suit.Actitime_DependsOn.openBrowserAndAppURL(Actitime_DependsOn.java:7)
at java.util.ArrayList.forEach(Unknown Source)
... Removed 28 stack frames]]>
    </failure>
  </testcase> <!-- openBrowserAndAppURL -->
  <testcase name="logoutClose" time="0.003" classname="suit.Actitime_DependsOn"/>
  <testcase name="login" time="0.0" classname="suit.Actitime_DependsOn">
    <skipped/>
  </testcase> <!-- login -->
  <testcase name="createTask" time="0.003" classname="suit.Actitime_Enabled"/>
  <testcase name="openBrowserAndAppURL" time="0.003" classname="suit.Actitime_Enabled"/>
  <testcase name="login" time="0.0" classname="suit.Actitime_Enabled">
    <ignored/>
  </testcase> <!-- login -->
  <testcase name="logoutClose" time="0.0" classname="suit.Actitime_Enabled">
    <ignored/>
  </testcase> <!-- logoutClose -->
</testsuite> <!-- Test -->
