<?xml version="1.0" encoding="UTF-8"?>
<!-- Generated by org.testng.reporters.JUnitXMLReporter -->
<testsuite hostname="DESKTOP-TSE6K3A" ignored="2" name="TestSmoke" tests="11" failures="1" timestamp="2022-10-24T22:35:09 IST" time="0.206" errors="0">
  <testcase name="createTask" time="0.02" classname="basictestngsuit.Actitime_DependsOn"/>
  <testcase name="openBrowserAndAppURL" time="0.002" classname="basictestngsuit.Actitime_DependsOn">
    <failure type="java.lang.ArithmeticException" message="/ by zero">
      <![CDATA[java.lang.ArithmeticException: / by zero
at basictestngsuit.Actitime_DependsOn.openBrowserAndAppURL(Actitime_DependsOn.java:7)
at java.util.ArrayList.forEach(Unknown Source)
... Removed 28 stack frames]]>
    </failure>
  </testcase> <!-- openBrowserAndAppURL -->
  <testcase name="logoutClose" time="0.006" classname="basictestngsuit.Actitime_DependsOn"/>
  <testcase name="login" time="0.0" classname="basictestngsuit.Actitime_DependsOn">
    <skipped/>
  </testcase> <!-- login -->
  <testcase name="createTask" time="0.005" classname="basictestngsuit.Actitime_Enabled"/>
  <testcase name="openBrowserAndAppURL" time="0.004" classname="basictestngsuit.Actitime_Enabled"/>
  <testcase name="testCaseFive" time="0.005" classname="basictestngsuit.GroupExamples"/>
  <testcase name="testCaseFour" time="0.003" classname="basictestngsuit.GroupExamples"/>
  <testcase name="testCaseOne" time="0.007" classname="basictestngsuit.GroupExamples"/>
  <testcase name="testCaseThree" time="0.004" classname="basictestngsuit.GroupExamples"/>
  <testcase name="testCaseTwo" time="0.002" classname="basictestngsuit.GroupExamples"/>
  <testcase name="logoutClose" time="0.0" classname="basictestngsuit.Actitime_Enabled">
    <ignored/>
  </testcase> <!-- logoutClose -->
  <testcase name="login" time="0.0" classname="basictestngsuit.Actitime_Enabled">
    <ignored/>
  </testcase> <!-- login -->
</testsuite> <!-- TestSmoke -->
