<?xml version="1.0" encoding="UTF-8"?>
<!-- Generated by org.testng.reporters.JUnitXMLReporter -->
<testsuite hostname="DESKTOP-TSE6K3A" ignored="2" name="GroupTest" tests="3" failures="0" timestamp="2022-10-24T22:59:53 IST" time="0.103" errors="0">
  <testcase name="testCaseFour" time="0.016" classname="basictestngsuit.GroupExamples"/>
  <testcase name="testCaseOne" time="0.003" classname="basictestngsuit.GroupExamples"/>
  <testcase name="testCaseTwo" time="0.004" classname="basictestngsuit.GroupExamples"/>
  <testcase name="testCaseFive" time="0.0" classname="basictestngsuit.GroupExamples">
    <ignored/>
  </testcase> <!-- testCaseFive -->
  <testcase name="testCaseThree" time="0.0" classname="basictestngsuit.GroupExamples">
    <ignored/>
  </testcase> <!-- testCaseThree -->
</testsuite> <!-- GroupTest -->
